0 info it worked if it ends with ok
1 verbose cli [ '/home/vlad/.nvm/versions/node/v6.8.1/bin/node',
1 verbose cli   '/home/vlad/.nvm/versions/node/v6.8.1/bin/npm',
1 verbose cli   'run',
1 verbose cli   'watch' ]
2 info using npm@3.3.12
3 info using node@v6.8.1
4 verbose run-script [ 'prewatch', 'watch', 'postwatch' ]
5 info lifecycle @~prewatch: @
6 silly lifecycle @~prewatch: no script for prewatch, continuing
7 info lifecycle @~watch: @
8 verbose lifecycle @~watch: unsafe-perm in lifecycle true
9 verbose lifecycle @~watch: PATH: /home/vlad/.nvm/versions/node/v6.8.1/lib/node_modules/npm/bin/node-gyp-bin:/home/vlad/work/sites/statchan/node_modules/.bin:/home/vlad/.nvm/versions/node/v6.8.1/bin:/usr/local/sbin:/usr/local/bin:/usr/sbin:/usr/bin:/sbin:/bin:/usr/games:/usr/local/games
10 verbose lifecycle @~watch: CWD: /home/vlad/work/sites/statchan
11 silly lifecycle @~watch: Args: [ '-c',
11 silly lifecycle   './node_modules/webpack/bin/webpack.js --config webpack.config.js --progress --profile --colors --watch' ]
12 silly lifecycle @~watch: Returned: code: 1  signal: null
13 info lifecycle @~watch: Failed to exec watch script
14 verbose stack Error: @ watch: `./node_modules/webpack/bin/webpack.js --config webpack.config.js --progress --profile --colors --watch`
14 verbose stack Exit status 1
14 verbose stack     at EventEmitter.<anonymous> (/home/vlad/.nvm/versions/node/v6.8.1/lib/node_modules/npm/lib/utils/lifecycle.js:232:16)
14 verbose stack     at emitTwo (events.js:106:13)
14 verbose stack     at EventEmitter.emit (events.js:191:7)
14 verbose stack     at ChildProcess.<anonymous> (/home/vlad/.nvm/versions/node/v6.8.1/lib/node_modules/npm/lib/utils/spawn.js:24:14)
14 verbose stack     at emitTwo (events.js:106:13)
14 verbose stack     at ChildProcess.emit (events.js:191:7)
14 verbose stack     at maybeClose (internal/child_process.js:877:16)
14 verbose stack     at Process.ChildProcess._handle.onexit (internal/child_process.js:226:5)
15 verbose pkgid @
16 verbose cwd /home/vlad/work/sites/statchan
17 error Linux 4.2.0-27-generic
18 error argv "/home/vlad/.nvm/versions/node/v6.8.1/bin/node" "/home/vlad/.nvm/versions/node/v6.8.1/bin/npm" "run" "watch"
19 error node v6.8.1
20 error npm  v3.3.12
21 error code ELIFECYCLE
22 error @ watch: `./node_modules/webpack/bin/webpack.js --config webpack.config.js --progress --profile --colors --watch`
22 error Exit status 1
23 error Failed at the @ watch script './node_modules/webpack/bin/webpack.js --config webpack.config.js --progress --profile --colors --watch'.
23 error Make sure you have the latest version of node.js and npm installed.
23 error If you do, this is most likely a problem with the  package,
23 error not with npm itself.
23 error Tell the author that this fails on your system:
23 error     ./node_modules/webpack/bin/webpack.js --config webpack.config.js --progress --profile --colors --watch
23 error You can get their info via:
23 error     npm owner ls
23 error There is likely additional logging output above.
24 verbose exit [ 1, true ]
